xrun(64): 19.09-s010: (c) Copyright 1995-2020 Cadence Design Systems, Inc.
TOOL:	xrun(64)	19.09-s010: Started on Jan 08, 2022 at 23:43:00 IST
xrun
	-f run.f
		-64
		-uvmhome /tools/cdnc/xcelium/current/tools/methodology/UVM/CDNS-1.1d
		-incdir ../sv
		../sv/yapp_pkg.sv
		top.sv
		+UVM_TESTNAME=base_test
		+UVM_VERBOSITY=UVM_HIGH

   User defined plus("+") options:
	+UVM_VERBOSITY=UVM_HIGH

Recompiling... reason: file '../sv/yapp_env.sv' is newer than expected.
	expected: Sat Jan  8 21:17:07 2022
	actual:   Sat Jan  8 23:41:05 2022
Compiling UVM packages (uvm_pkg.sv cdns_uvm_pkg.sv) using uvmhome location /tools/cdnc/xcelium/current/tools/methodology/UVM/CDNS-1.1d
file: ../sv/yapp_pkg.sv
package yapp_pkg;
               |
xmvlog: *W,TSNSPK (../sv/yapp_pkg.sv,1|15): `timescale is not specified for the package.  The default timescale of 1ns/1ns will be assumed for this package.
	package worklib.yapp_pkg:sv
		errors: 0, warnings: 1
file: top.sv
	module worklib.top:sv
		errors: 0, warnings: 0
		Caching library 'worklib' ....... Done
	Elaborating the design hierarchy:
	Top level design units:
		uvm_pkg
		cdns_uvmapi
		cdns_assert2uvm_pkg
		cdns_uvm_pkg
		yapp_pkg
		top
xmelab: *W,DSEMEL: This SystemVerilog design will be simulated as per IEEE 1800-2009 SystemVerilog simulation semantics. Use -disable_sem2009 option for turning off SV 2009 simulation semantics.
	Building instance overlay tables: .................... Done
	Generating native compiled code:
		worklib.uvm_pkg:sv <0x71d904a9>
			streams:   6, words:  3451
		worklib.uvm_pkg:sv <0x3bf0ac34>
			streams:   6, words:  3111
		worklib.uvm_pkg:sv <0x1dfc2c0a>
			streams:   5, words:  2521
		worklib.uvm_pkg:sv <0x08c029a5>
			streams:   7, words:  1918
		worklib.uvm_pkg:sv <0x46ebe8b9>
			streams:   8, words:  2765
		worklib.uvm_pkg:sv <0x310bdba0>
			streams:  21, words: 49760
		worklib.uvm_pkg:sv <0x69fc3431>
			streams:   7, words:  1918
		worklib.uvm_pkg:sv <0x339362db>
			streams:   7, words:  3055
		worklib.uvm_pkg:sv <0x3d092afc>
			streams:  24, words: 19457
		worklib.uvm_pkg:sv <0x0f319481>
			streams:  24, words: 18555
		worklib.uvm_pkg:sv <0x05a9051f>
			streams:  20, words: 18028
		worklib.uvm_pkg:sv <0x041f1b43>
			streams:  11, words:  4039
		worklib.uvm_pkg:sv <0x73c33856>
			streams:  23, words: 27256
		worklib.uvm_pkg:sv <0x2e032625>
			streams:   7, words:  2422
		worklib.uvm_pkg:sv <0x149a680b>
			streams:  12, words: 14021
		worklib.uvm_pkg:sv <0x64ef7135>
			streams:  23, words: 22695
		worklib.uvm_pkg:sv <0x09a8da2e>
			streams:  22, words: 47069
		worklib.uvm_pkg:sv <0x77f0dd68>
			streams:  25, words: 31014
		worklib.uvm_pkg:sv <0x2e3bb1c9>
			streams:  24, words: 44862
		worklib.uvm_pkg:sv <0x75691852>
			streams:  25, words: 33562
		worklib.uvm_pkg:sv <0x01260431>
			streams:  23, words: 49347
		worklib.uvm_pkg:sv <0x72122095>
			streams:  25, words: 35665
		worklib.uvm_pkg:sv <0x7b0c3d2c>
			streams:  23, words: 55086
		worklib.uvm_pkg:sv <0x0318793b>
			streams:  25, words: 40388
		worklib.uvm_pkg:sv <0x5b0ee29d>
			streams:  23, words: 48395
		worklib.uvm_pkg:sv <0x0713545e>
			streams:  23, words: 51911
		worklib.uvm_pkg:sv <0x2fdaa8c7>
			streams:  25, words: 33106
		worklib.uvm_pkg:sv <0x40d8f1d1>
			streams:  23, words: 48159
		worklib.uvm_pkg:sv <0x5d60673c>
			streams:  25, words: 70534
		worklib.uvm_pkg:sv <0x6ad29bc4>
			streams:  53, words: 68473
		worklib.cdns_uvm_pkg:sv <0x45a42b0c>
			streams:  26, words: 33919
		worklib.cdns_uvm_pkg:sv <0x26dfb851>
			streams:   8, words:  3870
		worklib.cdns_uvm_pkg:sv <0x3015d016>
			streams:  10, words:  8577
		worklib.uvm_pkg:sv <0x164232f5>
			streams:  19, words: 11385
		worklib.top:sv <0x0ebf0233>
			streams:  21, words: 14554
		worklib.uvm_pkg:sv <0x37ca77fb>
			streams:   7, words:  3055
		worklib.uvm_pkg:sv <0x362b2ee9>
			streams:  21, words: 15245
		worklib.uvm_pkg:sv <0x7936837a>
			streams:  21, words: 14119
		worklib.uvm_pkg:sv <0x0fe90eb4>
			streams:  23, words: 25088
		worklib.uvm_pkg:sv <0x55d1ad8e>
			streams:   8, words:  4063
		worklib.uvm_pkg:sv <0x5ca5af2e>
			streams:  21, words: 14216
		worklib.uvm_pkg:sv <0x3088dec7>
			streams:   7, words:  3055
		worklib.uvm_pkg:sv <0x195f6b4a>
			streams:  44, words: 33033
		worklib.uvm_pkg:sv <0x6e85c356>
			streams:  23, words: 21312
		worklib.uvm_pkg:sv <0x217cce00>
			streams:  30, words: 24455
		worklib.uvm_pkg:sv <0x22f75cba>
			streams: 258, words: 298286
		worklib.uvm_pkg:sv <0x152d39db>
			streams:  25, words: 65152
		worklib.top:sv <0x7ea12322>
			streams:   1, words:   782
		worklib.yapp_pkg:sv <0x2886d6a7>
			streams:   0, words:     0
		worklib.cdns_uvm_pkg:sv <0x6334fc49>
			streams: 128, words: 215116
		worklib.cdns_uvmapi:svp <0x3597eb1f>
			streams:  27, words: 30214
		worklib.cdns_assert2uvm_pkg:sv <0x48033cdd>
			streams:   3, words:  2142
		worklib.uvm_pkg:sv <0x660ee9db>
			streams: 3941, words: 6283602
	Building instance specific data structures.
	Loading native compiled code:     .................... Done
	Design hierarchy summary:
		                       Instances  Unique
		Modules:                       1       1
		Verilog packages:              5       5
		Registers:                 13700   10213
		Named events:                  4      12
		Initial blocks:              286     156
		Parallel blocks:              26      27
		Assertions:                    2       2
		SV Class declarations:       200     314
		SV Class specializations:    380     380
	Writing initial simulation snapshot: worklib.top:sv
Loading snapshot worklib.top:sv .................... Done
xmsim: *W,XCLGNOPTM: The SystemVerilog constraint solver Xceligen options 'seed_only_rand and process_alternate_rng and ignore_worklib_name' are not specified and will default to 0. The recommended value for each of them is 1 which will become the default in a future release.
SVSEED default: 1
xmsim: *W,RNDXCELON: Xceligen, the new SystemVerilog constraint solver is used. Disabling Xceligen and using the legacy constraint solver is possible with "xrun/xmsim -xceligen on=0 ...".
xmsim: *W,DSEM2009: This SystemVerilog design is simulated as per IEEE 1800-2009 SystemVerilog simulation semantics. Use -disable_sem2009 option for turning off SV 2009 simulation semantics.
xcelium> source /tools/cdnc/xcelium/current/tools/xcelium/files/xmsimrc
xcelium> source /tools/cdnc/xcelium/current/tools/methodology/UVM/CDNS-1.1d/additions/sv/files/tcl/uvm_sim.tcl
xcelium> run
----------------------------------------------------------------
CDNS-UVM-1.1d (19.09-s010)
(C) 2007-2013 Mentor Graphics Corporation
(C) 2007-2013 Cadence Design Systems, Inc.
(C) 2006-2013 Synopsys, Inc.
(C) 2011-2013 Cypress Semiconductor Corp.
----------------------------------------------------------------

  ***********       IMPORTANT RELEASE NOTES         ************

  You are using a version of the UVM library that has been compiled
  with `UVM_NO_DEPRECATED undefined.
  See http://www.eda.org/svdb/view.php?id=3313 for more details.

  You are using a version of the UVM library that has been compiled
  with `UVM_OBJECT_MUST_HAVE_CONSTRUCTOR undefined.
  See http://www.eda.org/svdb/view.php?id=3770 for more details.

      (Specify +UVM_NO_RELNOTES to turn off this notice)

UVM_INFO @ 0: reporter [RNTST] Running test base_test...
UVM_INFO router_test_lib.sv(21) @ 0: uvm_test_top [MSG] Test build_phase executed
UVM_INFO router_tb.sv(17) @ 0: uvm_test_top.tb [MSG] Testbench build_phase executed
UVM_INFO @ 0: reporter [UVMTOP] UVM testbench topology:
----------------------------------------------------------------------
Name                         Type                     Size  Value     
----------------------------------------------------------------------
uvm_test_top                 base_test                -     @2582     
  tb                         router_tb                -     @2646     
    env                      yapp_env                 -     @2694     
      tx_agent               yapp_tx_agent            -     @2722     
        driver               yapp_tx_driver           -     @2754     
          rsp_port           uvm_analysis_port        -     @2889     
          seq_item_port      uvm_seq_item_pull_port   -     @2838     
        monitor              yapp_tx_monitor          -     @2758     
        sequencer            yapp_tx_sequencer        -     @2921     
          rsp_export         uvm_analysis_export      -     @2979     
          seq_item_export    uvm_seq_item_pull_imp    -     @3527     
          arbitration_queue  array                    0     -         
          lock_queue         array                    0     -         
          num_last_reqs      integral                 32    'd1       
          num_last_rsps      integral                 32    'd1       
        is_active            uvm_active_passive_enum  1     UVM_ACTIVE
----------------------------------------------------------------------

UVM_INFO ../sv/yapp_tx_driver.sv(30) @ 0: uvm_test_top.tb.env.tx_agent.driver [yapp_tx_driver] start of simulation for:uvm_test_top.tb.env.tx_agent.driver
UVM_INFO ../sv/yapp_tx_monitor.sv(17) @ 0: uvm_test_top.tb.env.tx_agent.monitor [yapp_tx_monitor] start of simulation for:uvm_test_top.tb.env.tx_agent.monitor
UVM_INFO ../sv/yapp_tx_sequencer.sv(12) @ 0: uvm_test_top.tb.env.tx_agent.sequencer [yapp_tx_sequencer] start of simulation for:uvm_test_top.tb.env.tx_agent.sequencer
UVM_INFO ../sv/yapp_tx_agent.sv(34) @ 0: uvm_test_top.tb.env.tx_agent [yapp_tx_agent] start of simulation for:uvm_test_top.tb.env.tx_agent
UVM_INFO ../sv/yapp_env.sv(20) @ 0: uvm_test_top.tb.env [yapp_env] start of simulation for:uvm_test_top.tb.env
UVM_INFO router_tb.sv(22) @ 0: uvm_test_top.tb [router_tb] start of simulation for:uvm_test_top.tb
UVM_INFO ../sv/yapp_tx_monitor.sv(13) @ 0: uvm_test_top.tb.env.tx_agent.monitor [yapp_tx_monitor] You are in the monitor's run_phase
UVM_INFO ../sv/yapp_tx_seqs.sv(37) @ 0: uvm_test_top.tb.env.tx_agent.sequencer@@yapp_5_packets [yapp_5_packets] raise objection
UVM_INFO ../sv/yapp_tx_seqs.sv(81) @ 0: uvm_test_top.tb.env.tx_agent.sequencer@@yapp_5_packets [yapp_5_packets] Executing yapp_5_packets sequence
UVM_INFO ../sv/yapp_tx_driver.sv(25) @ 0: uvm_test_top.tb.env.tx_agent.driver [yapp_tx_driver] Packet is 
---------------------------------------------------------------------------------------------------------
Name                           Type           Size  Value                                                
---------------------------------------------------------------------------------------------------------
req                            yapp_packet    -     @3587                                                
  addr                         integral       2     'h1                                                  
  length                       integral       6     'h28                                                 
  payload                      da(integral)   40    -                                                    
    [0]                        integral       8     'h14                                                 
    [1]                        integral       8     'hac                                                 
    [2]                        integral       8     'h33                                                 
    [3]                        integral       8     'hd3                                                 
    [4]                        integral       8     'h1                                                  
    ...                        ...            ...   ...                                                  
    [35]                       integral       8     'hb5                                                 
    [36]                       integral       8     'h6e                                                 
    [37]                       integral       8     'h9f                                                 
    [38]                       integral       8     'h0                                                  
    [39]                       integral       8     'hc3                                                 
  parity                       integral       8     'b100111                                             
  parity_type                  parity_type_e  1     GOOD_PARITY                                          
  packet_delay                 integral       32    'd14                                                 
  begin_time                   time           64    0                                                    
  depth                        int            32    'd2                                                  
  parent sequence (name)       string         14    yapp_5_packets                                       
  parent sequence (full name)  string         53    uvm_test_top.tb.env.tx_agent.sequencer.yapp_5_packets
  sequencer                    string         38    uvm_test_top.tb.env.tx_agent.sequencer               
---------------------------------------------------------------------------------------------------------

UVM_INFO ../sv/yapp_tx_driver.sv(25) @ 10: uvm_test_top.tb.env.tx_agent.driver [yapp_tx_driver] Packet is 
---------------------------------------------------------------------------------------------------------
Name                           Type           Size  Value                                                
---------------------------------------------------------------------------------------------------------
req                            yapp_packet    -     @3767                                                
  addr                         integral       2     'h2                                                  
  length                       integral       6     'h2c                                                 
  payload                      da(integral)   44    -                                                    
    [0]                        integral       8     'h55                                                 
    [1]                        integral       8     'h48                                                 
    [2]                        integral       8     'he                                                  
    [3]                        integral       8     'he                                                  
    [4]                        integral       8     'h4f                                                 
    ...                        ...            ...   ...                                                  
    [39]                       integral       8     'h13                                                 
    [40]                       integral       8     'h76                                                 
    [41]                       integral       8     'hc0                                                 
    [42]                       integral       8     'h35                                                 
    [43]                       integral       8     'h2a                                                 
  parity                       integral       8     'b11010111                                           
  parity_type                  parity_type_e  1     GOOD_PARITY                                          
  packet_delay                 integral       32    'd19                                                 
  begin_time                   time           64    10                                                   
  depth                        int            32    'd2                                                  
  parent sequence (name)       string         14    yapp_5_packets                                       
  parent sequence (full name)  string         53    uvm_test_top.tb.env.tx_agent.sequencer.yapp_5_packets
  sequencer                    string         38    uvm_test_top.tb.env.tx_agent.sequencer               
---------------------------------------------------------------------------------------------------------

UVM_INFO ../sv/yapp_tx_driver.sv(25) @ 20: uvm_test_top.tb.env.tx_agent.driver [yapp_tx_driver] Packet is 
---------------------------------------------------------------------------------------------------------
Name                           Type           Size  Value                                                
---------------------------------------------------------------------------------------------------------
req                            yapp_packet    -     @3783                                                
  addr                         integral       2     'h2                                                  
  length                       integral       6     'h27                                                 
  payload                      da(integral)   39    -                                                    
    [0]                        integral       8     'h96                                                 
    [1]                        integral       8     'h94                                                 
    [2]                        integral       8     'h0                                                  
    [3]                        integral       8     'h78                                                 
    [4]                        integral       8     'h10                                                 
    ...                        ...            ...   ...                                                  
    [34]                       integral       8     'h55                                                 
    [35]                       integral       8     'h59                                                 
    [36]                       integral       8     'h43                                                 
    [37]                       integral       8     'h96                                                 
    [38]                       integral       8     'h11                                                 
  parity                       integral       8     'b11110001                                           
  parity_type                  parity_type_e  1     GOOD_PARITY                                          
  packet_delay                 integral       32    'd3                                                  
  begin_time                   time           64    20                                                   
  depth                        int            32    'd2                                                  
  parent sequence (name)       string         14    yapp_5_packets                                       
  parent sequence (full name)  string         53    uvm_test_top.tb.env.tx_agent.sequencer.yapp_5_packets
  sequencer                    string         38    uvm_test_top.tb.env.tx_agent.sequencer               
---------------------------------------------------------------------------------------------------------

UVM_INFO ../sv/yapp_tx_driver.sv(25) @ 30: uvm_test_top.tb.env.tx_agent.driver [yapp_tx_driver] Packet is 
---------------------------------------------------------------------------------------------------------
Name                           Type           Size  Value                                                
---------------------------------------------------------------------------------------------------------
req                            yapp_packet    -     @3737                                                
  addr                         integral       2     'h0                                                  
  length                       integral       6     'h35                                                 
  payload                      da(integral)   53    -                                                    
    [0]                        integral       8     'hd9                                                 
    [1]                        integral       8     'h8f                                                 
    [2]                        integral       8     'h9                                                  
    [3]                        integral       8     'h12                                                 
    [4]                        integral       8     'h43                                                 
    ...                        ...            ...   ...                                                  
    [48]                       integral       8     'h74                                                 
    [49]                       integral       8     'hb5                                                 
    [50]                       integral       8     'h4d                                                 
    [51]                       integral       8     'h21                                                 
    [52]                       integral       8     'h5d                                                 
  parity                       integral       8     'b10000000                                           
  parity_type                  parity_type_e  1     BAD_PARITY                                           
  packet_delay                 integral       32    'd8                                                  
  begin_time                   time           64    30                                                   
  depth                        int            32    'd2                                                  
  parent sequence (name)       string         14    yapp_5_packets                                       
  parent sequence (full name)  string         53    uvm_test_top.tb.env.tx_agent.sequencer.yapp_5_packets
  sequencer                    string         38    uvm_test_top.tb.env.tx_agent.sequencer               
---------------------------------------------------------------------------------------------------------

UVM_INFO ../sv/yapp_tx_driver.sv(25) @ 40: uvm_test_top.tb.env.tx_agent.driver [yapp_tx_driver] Packet is 
---------------------------------------------------------------------------------------------------------
Name                           Type           Size  Value                                                
---------------------------------------------------------------------------------------------------------
req                            yapp_packet    -     @3703                                                
  addr                         integral       2     'h1                                                  
  length                       integral       6     'h3d                                                 
  payload                      da(integral)   61    -                                                    
    [0]                        integral       8     'h1c                                                 
    [1]                        integral       8     'h3a                                                 
    [2]                        integral       8     'h27                                                 
    [3]                        integral       8     'hdb                                                 
    [4]                        integral       8     'he8                                                 
    ...                        ...            ...   ...                                                  
    [56]                       integral       8     'h6e                                                 
    [57]                       integral       8     'h3a                                                 
    [58]                       integral       8     'hfe                                                 
    [59]                       integral       8     'h52                                                 
    [60]                       integral       8     'h67                                                 
  parity                       integral       8     'b10011011                                           
  parity_type                  parity_type_e  1     BAD_PARITY                                           
  packet_delay                 integral       32    'd17                                                 
  begin_time                   time           64    40                                                   
  depth                        int            32    'd2                                                  
  parent sequence (name)       string         14    yapp_5_packets                                       
  parent sequence (full name)  string         53    uvm_test_top.tb.env.tx_agent.sequencer.yapp_5_packets
  sequencer                    string         38    uvm_test_top.tb.env.tx_agent.sequencer               
---------------------------------------------------------------------------------------------------------

UVM_INFO ../sv/yapp_tx_seqs.sv(51) @ 50: uvm_test_top.tb.env.tx_agent.sequencer@@yapp_5_packets [yapp_5_packets] drop objection
UVM_INFO /tools/cdnc/xcelium/current/tools/methodology/UVM/CDNS-1.1d/sv/src/base/uvm_objection.svh(1268) @ 50: reporter [TEST_DONE] 'run' phase is ready to proceed to the 'extract' phase

--- UVM Report catcher Summary ---


Number of demoted UVM_FATAL reports  :    0
Number of demoted UVM_ERROR reports  :    0
Number of demoted UVM_WARNING reports:    0
Number of caught UVM_FATAL reports   :    0
Number of caught UVM_ERROR reports   :    0
Number of caught UVM_WARNING reports :    0

--- UVM Report Summary ---

** Report counts by severity
UVM_INFO :   20
UVM_WARNING :    0
UVM_ERROR :    0
UVM_FATAL :    0
** Report counts by id
[MSG]     2
[RNTST]     1
[TEST_DONE]     1
[UVMTOP]     1
[router_tb]     1
[yapp_5_packets]     3
[yapp_env]     1
[yapp_tx_agent]     1
[yapp_tx_driver]     6
[yapp_tx_monitor]     2
[yapp_tx_sequencer]     1
Simulation complete via $finish(1) at time 50 NS + 49
/tools/cdnc/xcelium/current/tools/methodology/UVM/CDNS-1.1d/sv/src/base/uvm_root.svh:457     $finish;
xcelium> exit
TOOL:	xrun(64)	19.09-s010: Exiting on Jan 08, 2022 at 23:43:12 IST  (total: 00:00:12)
